(---------------------------------------------------------------------)
(                                                                     )
(    ARTWORK LOG                                                      )
(                                                                     )
(    Drawing          : fmc_db.brd                                    )
(    Software Version : 23.1S003                                      )
(    Date/Time        : Wed May 15 13:37:00 2024                      )
(                                                                     )
(---------------------------------------------------------------------)


 ---- Photoplot outline rectangle not found; using drawing extents.



Results from parameter file ...
    DEVICE-TYPE           GERBER_RS274X
    OUTPUT-UNITS          MM
    FILM-SIZE             2400000 1600000
    FORMAT                2.5
    ABORT-ON-ERROR        NO
    SCALE                 1
    SUPPRESS-LEAD-ZEROES  YES
    SUPPRESS-TRAIL-ZEROES NO
    SUPPRESS-EQUAL        YES
    UNDEF-APT-CONT        NO



================================================================
     PROCESSING FILM < TOP >
     TO FILE < C:/Jeonghyun/Lab/RFSoC_FMC4/allegro/TOP.art > ...
================================================================

  FILM PARAMETERS :
  ---------------------------------------------------------
  Undefined line width                0.0000
  Mirror code                         NONE
  Rotate angle                        NONE
  Offset x:                           0.0000
  Offset y:                           0.0000
  Plot negative                       NO
  Suppress unconnected internal pads  NO
  Draw holes only                     NO



  APERTURES USED:
  ---------------------------------------------------------
  TYPE       SIZE/NAME                   ROT   MIRROR MODE 
  ---------------------------------------------------------
  CIRCLE     0.10820                                  DARK 
  CIRCLE     0.18570                                  DARK 
  CIRCLE     0.50800                                  DARK 
  CIRCLE     1.29540                                  DARK 
  CIRCLE     1.65100                                  DARK 
  CIRCLE     2.00000                                  DARK 
  CIRCLE     2.03200                                  DARK 
  CIRCLE     5.79120                                  DARK 
  SQUARE     1.65100                     0.000 NO     DARK 
  SQUARE     1.90500                     0.000 NO     DARK 
  RECTANGLE  0.45000     x 1.47500       0.000 NO     DARK 
  RECTANGLE  0.47500     x 0.50000      90.000 NO     DARK 
  RECTANGLE  0.60000     x 0.62000       0.000 NO     DARK 
  RECTANGLE  0.65000     x 1.52500       0.000 NO     DARK 
  RECTANGLE  1.00000     x 3.15000      90.000 NO     DARK 
  RECTANGLE  1.20650     x 1.70180       0.000 NO     DARK 

     TOP created.


================================================================
     PROCESSING FILM < L2 >
     TO FILE < C:/Jeonghyun/Lab/RFSoC_FMC4/allegro/L2.art > ...
================================================================

  FILM PARAMETERS :
  ---------------------------------------------------------
  Undefined line width                0.0000
  Mirror code                         NONE
  Rotate angle                        NONE
  Offset x:                           0.0000
  Offset y:                           0.0000
  Plot negative                       NO
  Suppress unconnected internal pads  NO
  Draw holes only                     NO



  APERTURES USED:
  ---------------------------------------------------------
  TYPE       SIZE/NAME                   ROT   MIRROR MODE 
  ---------------------------------------------------------
  CIRCLE     0.50800                                  DARK 
  CIRCLE     1.29540                                  DARK 
  CIRCLE     1.65100                                  DARK 
  CIRCLE     2.00000                                  DARK 
  CIRCLE     2.03200                                  DARK 
  CIRCLE     3.20040                                  DARK 
  SQUARE     1.65100                     0.000 NO     DARK 
  SQUARE     1.90500                     0.000 NO     DARK 

     L2 created.


================================================================
     PROCESSING FILM < L3 >
     TO FILE < C:/Jeonghyun/Lab/RFSoC_FMC4/allegro/L3.art > ...
================================================================

  FILM PARAMETERS :
  ---------------------------------------------------------
  Undefined line width                0.0000
  Mirror code                         NONE
  Rotate angle                        NONE
  Offset x:                           0.0000
  Offset y:                           0.0000
  Plot negative                       NO
  Suppress unconnected internal pads  NO
  Draw holes only                     NO



  APERTURES USED:
  ---------------------------------------------------------
  TYPE       SIZE/NAME                   ROT   MIRROR MODE 
  ---------------------------------------------------------
  CIRCLE     0.10570                                  DARK 
  CIRCLE     0.17700                                  DARK 
  CIRCLE     0.50800                                  DARK 
  CIRCLE     1.29540                                  DARK 
  CIRCLE     1.65100                                  DARK 
  CIRCLE     2.00000                                  DARK 
  CIRCLE     2.03200                                  DARK 
  CIRCLE     3.20040                                  DARK 
  SQUARE     1.65100                     0.000 NO     DARK 
  SQUARE     1.90500                     0.000 NO     DARK 

     L3 created.


================================================================
     PROCESSING FILM < L4 >
     TO FILE < C:/Jeonghyun/Lab/RFSoC_FMC4/allegro/L4.art > ...
================================================================

  FILM PARAMETERS :
  ---------------------------------------------------------
  Undefined line width                0.0000
  Mirror code                         NONE
  Rotate angle                        NONE
  Offset x:                           0.0000
  Offset y:                           0.0000
  Plot negative                       NO
  Suppress unconnected internal pads  NO
  Draw holes only                     NO



  APERTURES USED:
  ---------------------------------------------------------
  TYPE       SIZE/NAME                   ROT   MIRROR MODE 
  ---------------------------------------------------------
  CIRCLE     0.50800                                  DARK 
  CIRCLE     1.29540                                  DARK 
  CIRCLE     1.65100                                  DARK 
  CIRCLE     2.00000                                  DARK 
  CIRCLE     2.03200                                  DARK 
  CIRCLE     3.20040                                  DARK 
  SQUARE     1.65100                     0.000 NO     DARK 
  SQUARE     1.90500                     0.000 NO     DARK 

     L4 created.


================================================================
     PROCESSING FILM < L5 >
     TO FILE < C:/Jeonghyun/Lab/RFSoC_FMC4/allegro/L5.art > ...
================================================================

  FILM PARAMETERS :
  ---------------------------------------------------------
  Undefined line width                0.0000
  Mirror code                         NONE
  Rotate angle                        NONE
  Offset x:                           0.0000
  Offset y:                           0.0000
  Plot negative                       NO
  Suppress unconnected internal pads  NO
  Draw holes only                     NO



  APERTURES USED:
  ---------------------------------------------------------
  TYPE       SIZE/NAME                   ROT   MIRROR MODE 
  ---------------------------------------------------------
  CIRCLE     0.50800                                  DARK 
  CIRCLE     1.29540                                  DARK 
  CIRCLE     1.65100                                  DARK 
  CIRCLE     2.00000                                  DARK 
  CIRCLE     2.03200                                  DARK 
  CIRCLE     3.20040                                  DARK 
  SQUARE     1.65100                     0.000 NO     DARK 
  SQUARE     1.90500                     0.000 NO     DARK 

     L5 created.


================================================================
     PROCESSING FILM < L6 >
     TO FILE < C:/Jeonghyun/Lab/RFSoC_FMC4/allegro/L6.art > ...
================================================================

  FILM PARAMETERS :
  ---------------------------------------------------------
  Undefined line width                0.0000
  Mirror code                         NONE
  Rotate angle                        NONE
  Offset x:                           0.0000
  Offset y:                           0.0000
  Plot negative                       NO
  Suppress unconnected internal pads  NO
  Draw holes only                     NO



  APERTURES USED:
  ---------------------------------------------------------
  TYPE       SIZE/NAME                   ROT   MIRROR MODE 
  ---------------------------------------------------------
  CIRCLE     0.10570                                  DARK 
  CIRCLE     0.50800                                  DARK 
  CIRCLE     1.29540                                  DARK 
  CIRCLE     1.65100                                  DARK 
  CIRCLE     2.00000                                  DARK 
  CIRCLE     2.03200                                  DARK 
  CIRCLE     3.20040                                  DARK 
  SQUARE     1.65100                     0.000 NO     DARK 
  SQUARE     1.90500                     0.000 NO     DARK 

     L6 created.


================================================================
     PROCESSING FILM < L7 >
     TO FILE < C:/Jeonghyun/Lab/RFSoC_FMC4/allegro/L7.art > ...
================================================================

  FILM PARAMETERS :
  ---------------------------------------------------------
  Undefined line width                0.0000
  Mirror code                         NONE
  Rotate angle                        NONE
  Offset x:                           0.0000
  Offset y:                           0.0000
  Plot negative                       NO
  Suppress unconnected internal pads  NO
  Draw holes only                     NO



  APERTURES USED:
  ---------------------------------------------------------
  TYPE       SIZE/NAME                   ROT   MIRROR MODE 
  ---------------------------------------------------------
  CIRCLE     0.50800                                  DARK 
  CIRCLE     1.29540                                  DARK 
  CIRCLE     1.65100                                  DARK 
  CIRCLE     2.00000                                  DARK 
  CIRCLE     2.03200                                  DARK 
  CIRCLE     3.20040                                  DARK 
  SQUARE     1.65100                     0.000 NO     DARK 
  SQUARE     1.90500                     0.000 NO     DARK 

     L7 created.


================================================================
     PROCESSING FILM < BOTTOM >
     TO FILE < C:/Jeonghyun/Lab/RFSoC_FMC4/allegro/BOTTOM.art > ...
================================================================

  FILM PARAMETERS :
  ---------------------------------------------------------
  Undefined line width                0.0000
  Mirror code                         NONE
  Rotate angle                        NONE
  Offset x:                           0.0000
  Offset y:                           0.0000
  Plot negative                       NO
  Suppress unconnected internal pads  NO
  Draw holes only                     NO



  APERTURES USED:
  ---------------------------------------------------------
  TYPE       SIZE/NAME                   ROT   MIRROR MODE 
  ---------------------------------------------------------
  CIRCLE     0.10820                                  DARK 
  CIRCLE     0.18570                                  DARK 
  CIRCLE     0.50800                                  DARK 
  CIRCLE     0.60960                                  DARK 
  CIRCLE     1.29540                                  DARK 
  CIRCLE     1.65100                                  DARK 
  CIRCLE     2.00000                                  DARK 
  CIRCLE     2.03200                                  DARK 
  CIRCLE     5.79120                                  DARK 
  SQUARE     1.65100                     0.000 NO     DARK 
  SQUARE     1.90500                     0.000 NO     DARK 
  RECTANGLE  0.47500     x 0.50000       0.000 NO     DARK 
  RECTANGLE  0.47500     x 0.50000      90.000 NO     DARK 

     BOTTOM created.


================================================================
     PROCESSING FILM < SolderMask_TOP >
     TO FILE < C:/Jeonghyun/Lab/RFSoC_FMC4/allegro/SolderMask_TOP.art > ...
================================================================

  FILM PARAMETERS :
  ---------------------------------------------------------
  Undefined line width                0.0000
  Mirror code                         NONE
  Rotate angle                        NONE
  Offset x:                           0.0000
  Offset y:                           0.0000
  Plot negative                       NO
  Suppress unconnected internal pads  NO
  Draw holes only                     NO



  APERTURES USED:
  ---------------------------------------------------------
  TYPE       SIZE/NAME                   ROT   MIRROR MODE 
  ---------------------------------------------------------
  CIRCLE     1.65100                                  DARK 
  CIRCLE     1.82880                                  DARK 
  CIRCLE     2.03200                                  DARK 
  CIRCLE     5.79120                                  DARK 
  SQUARE     1.65100                     0.000 NO     DARK 
  SQUARE     1.90500                     0.000 NO     DARK 
  RECTANGLE  0.45000     x 1.47500       0.000 NO     DARK 
  RECTANGLE  0.47500     x 0.50000      90.000 NO     DARK 
  RECTANGLE  0.60000     x 0.62000       0.000 NO     DARK 
  RECTANGLE  0.65000     x 1.52500       0.000 NO     DARK 
  RECTANGLE  1.00000     x 3.15000      90.000 NO     DARK 
  RECTANGLE  1.20650     x 1.70180       0.000 NO     DARK 

     SolderMask_TOP created.


================================================================
     PROCESSING FILM < SolderMask_BOTTOM >
     TO FILE < C:/Jeonghyun/Lab/RFSoC_FMC4/allegro/SolderMask_BOTTOM.art > ...
================================================================

  FILM PARAMETERS :
  ---------------------------------------------------------
  Undefined line width                0.0000
  Mirror code                         NONE
  Rotate angle                        NONE
  Offset x:                           0.0000
  Offset y:                           0.0000
  Plot negative                       NO
  Suppress unconnected internal pads  NO
  Draw holes only                     NO



  APERTURES USED:
  ---------------------------------------------------------
  TYPE       SIZE/NAME                   ROT   MIRROR MODE 
  ---------------------------------------------------------
  CIRCLE     0.60960                                  DARK 
  CIRCLE     1.65100                                  DARK 
  CIRCLE     1.82880                                  DARK 
  CIRCLE     2.03200                                  DARK 
  CIRCLE     5.79120                                  DARK 
  SQUARE     1.65100                     0.000 NO     DARK 
  SQUARE     1.90500                     0.000 NO     DARK 
  RECTANGLE  0.47500     x 0.50000       0.000 NO     DARK 
  RECTANGLE  0.47500     x 0.50000      90.000 NO     DARK 

     SolderMask_BOTTOM created.


================================================================
     PROCESSING FILM < PasteMask_TOP >
     TO FILE < C:/Jeonghyun/Lab/RFSoC_FMC4/allegro/PasteMask_TOP.art > ...
================================================================

  FILM PARAMETERS :
  ---------------------------------------------------------
  Undefined line width                0.0000
  Mirror code                         NONE
  Rotate angle                        NONE
  Offset x:                           0.0000
  Offset y:                           0.0000
  Plot negative                       NO
  Suppress unconnected internal pads  NO
  Draw holes only                     NO



  APERTURES USED:
  ---------------------------------------------------------
  TYPE       SIZE/NAME                   ROT   MIRROR MODE 
  ---------------------------------------------------------
  RECTANGLE  0.45000     x 1.47500       0.000 NO     DARK 
  RECTANGLE  0.47500     x 0.50000      90.000 NO     DARK 
  RECTANGLE  0.60000     x 0.62000       0.000 NO     DARK 
  RECTANGLE  0.65000     x 1.52500       0.000 NO     DARK 
  RECTANGLE  1.00000     x 3.15000      90.000 NO     DARK 
  RECTANGLE  1.20650     x 1.70180       0.000 NO     DARK 

     PasteMask_TOP created.


================================================================
     PROCESSING FILM < PasteMask_BOTTOM >
     TO FILE < C:/Jeonghyun/Lab/RFSoC_FMC4/allegro/PasteMask_BOTTOM.art > ...
================================================================

  FILM PARAMETERS :
  ---------------------------------------------------------
  Undefined line width                0.0000
  Mirror code                         NONE
  Rotate angle                        NONE
  Offset x:                           0.0000
  Offset y:                           0.0000
  Plot negative                       NO
  Suppress unconnected internal pads  NO
  Draw holes only                     NO



  APERTURES USED:
  ---------------------------------------------------------
  TYPE       SIZE/NAME                   ROT   MIRROR MODE 
  ---------------------------------------------------------
  CIRCLE     0.60960                                  DARK 
  RECTANGLE  0.47500     x 0.50000       0.000 NO     DARK 
  RECTANGLE  0.47500     x 0.50000      90.000 NO     DARK 

     PasteMask_BOTTOM created.


================================================================
     PROCESSING FILM < SilkScreen_BOTTOM >
     TO FILE < C:/Jeonghyun/Lab/RFSoC_FMC4/allegro/SilkScreen_BOTTOM.art > ...
================================================================

  FILM PARAMETERS :
  ---------------------------------------------------------
  Undefined line width                0.1000
  Mirror code                         NONE
  Rotate angle                        NONE
  Offset x:                           0.0000
  Offset y:                           0.0000
  Plot negative                       NO
  Suppress unconnected internal pads  NO
  Draw holes only                     NO

    WARNING: text composed 0 width line found at (93.2180 33.0200)
           ... using undefined line width of 0.1000

    WARNING: text having Multiple 0 width lines; all will be treated the same as the first.
           ... using undefined line width of 0.1000



  APERTURES USED:
  ---------------------------------------------------------
  TYPE       SIZE/NAME                   ROT   MIRROR MODE 
  ---------------------------------------------------------
  CIRCLE     0.10000                                  DARK 

     SilkScreen_BOTTOM created with warnings


================================================================
     PROCESSING FILM < DRILL >
     TO FILE < C:/Jeonghyun/Lab/RFSoC_FMC4/allegro/DRILL.art > ...
================================================================

  FILM PARAMETERS :
  ---------------------------------------------------------
  Undefined line width                0.0000
  Mirror code                         NONE
  Rotate angle                        NONE
  Offset x:                           0.0000
  Offset y:                           0.0000
  Plot negative                       NO
  Suppress unconnected internal pads  NO
  Draw holes only                     NO

    WARNING: rectangle or unfilled shape composed 0 width line found at (0.0000 0.0000)
           ... ignored.

    WARNING: rectangle or unfilled shape having Multiple 0 width lines; all will be treated the same as the first.
           ... ignored.

    WARNING: 0 width line found at (0.7620 89.5120)
           ... ignored.

    WARNING: Multiple 0 width lines; all will be treated the same as the first.
           ... ignored.



  APERTURES USED:  NONE
     DRILL created with warnings


================================================================
     PROCESSING FILM < SilkScreen_TOP >
     TO FILE < C:/Jeonghyun/Lab/RFSoC_FMC4/allegro/SilkScreen_TOP.art > ...
================================================================

  FILM PARAMETERS :
  ---------------------------------------------------------
  Undefined line width                0.1000
  Mirror code                         NONE
  Rotate angle                        NONE
  Offset x:                           0.0000
  Offset y:                           0.0000
  Plot negative                       NO
  Suppress unconnected internal pads  NO
  Draw holes only                     NO



  APERTURES USED:
  ---------------------------------------------------------
  TYPE       SIZE/NAME                   ROT   MIRROR MODE 
  ---------------------------------------------------------
  CIRCLE     0.09910                                  DARK 
  CIRCLE     0.10000                                  DARK 
  CIRCLE     0.20000                                  DARK 

     SilkScreen_TOP created.


================================================================
     PROCESSING FILM < OUTLINE >
     TO FILE < C:/Jeonghyun/Lab/RFSoC_FMC4/allegro/OUTLINE.art > ...
================================================================

  FILM PARAMETERS :
  ---------------------------------------------------------
  Undefined line width                0.0000
  Mirror code                         NONE
  Rotate angle                        NONE
  Offset x:                           0.0000
  Offset y:                           0.0000
  Plot negative                       NO
  Suppress unconnected internal pads  NO
  Draw holes only                     NO



  APERTURES USED:  NONE
     OUTLINE created.


------------------------------------------------------
 SUMMARY:
        TOP created.
        L2 created.
        L3 created.
        L4 created.
        L5 created.
        L6 created.
        L7 created.
        BOTTOM created.
        SolderMask_TOP created.
        SolderMask_BOTTOM created.
        PasteMask_TOP created.
        PasteMask_BOTTOM created.
        SilkScreen_BOTTOM created with warnings
        DRILL created with warnings
        SilkScreen_TOP created.
        OUTLINE created.

 ARTWORK had warnings
