**** Tlsim Version 16.2 ****

**** Tlsim command line ****
 tlsim -e 6.000000e+02 -r 0.200000 -o waveforms.sim -dl delay.dl -dst distortion.dst -log tlsim.log -ocycle cycle.msm main.spc


Number of Nodes in this circuit = 18


Statistics on N-line elements:
 Number of 'n' type multi-conductor elements = 1
 Type-of-N-element  #elms Max_Length TotalLength

 1-line-N-elm     1   1e-06    1e-06
 Total Interconnect Length = 1e-06
 Total Coupled Length = 0

 Following is some statistics on Model usage
   Model-Type      Model-Name     Number-of-Models-in-this-circuit

   bdrvr         DS90LV047ATMTC_DS90LV047ATMTC_DIN_Typ_27degC               1 
   bdrvr         CDSDefaultIO_3p3v_Typ_27degC               1 
  No of 'Bdrvr' type model instance = 2

 Time Step at Start = 8.33e-11



 Simulation will start at t=0 and end at t=6.00083e-07. 



 Simulation Complete 


**** Transient Simulation Statistics ****

    Number Of time step solutions = 7204

**** Tlsim Run Times ****

    Start time = Sun Mar 17 15:12:45 2024

    Finish time = Sun Mar 17 15:12:45 2024

    Elapsed time = 0 hours, 0 minutes, and 0 seconds